Start testing: Jul 19 12:02 Jerusalem Daylight Time
----------------------------------------------------------
1/1 Testing: model_reference_checks
1/1 Test: model_reference_checks
Command: "C:/Amp_demos/Biosense-19-7-2026/demo1-results/CPP/build/test_model.exe"
Directory: C:/Amp_demos/Biosense-19-7-2026/demo1-results/CPP/build
"model_reference_checks" start time: Jul 19 12:02 Jerusalem Daylight Time
Output:
----------------------------------------------------------
PASS mean aggregation exact
PASS vertex update exact
PASS weighted LAT MSE
PASS QRS duration
PASS combined zero loss
PASS anisotropy eigenvalues
PASS fiber virtual length
PASS transverse virtual length
PASS travel time
PASS scar zero speed blocked
PASS grid propagation
PASS full-sample demonstrator
<end of output>
Test time =   0.01 sec
----------------------------------------------------------
Test Passed.
"model_reference_checks" end time: Jul 19 12:02 Jerusalem Daylight Time
"model_reference_checks" time elapsed: 00:00:00
----------------------------------------------------------

End testing: Jul 19 12:02 Jerusalem Daylight Time
